Starting simple documentation completion...
Timestamp: Sat Aug 16 11:12:03 EDT 2025
Starting simple documentation completion process
=== Creating Missing Documentation ===
Checking: Main README
✅ EXISTS: Main README
Checking: Security Guide
❌ MISSING: Security Guide
Created basic security guide at: /Users/lsendel/IdeaProjects/rust-security/docs/security-guide.md
Checking: API Documentation
❌ MISSING: API Documentation
Created basic API documentation at: /Users/lsendel/IdeaProjects/rust-security/docs/api-documentation.md
Checking: Operations Runbook
❌ MISSING: Operations Runbook
Created basic operations runbook at: /Users/lsendel/IdeaProjects/rust-security/docs/operations-runbook.md
Checking: Troubleshooting Guide
❌ MISSING: Troubleshooting Guide
Created basic troubleshooting guide at: /Users/lsendel/IdeaProjects/rust-security/docs/troubleshooting-guide.md
=== Final Documentation Assessment ===
Checking: Main README
✅ EXISTS: Main README
Checking: Security Guide
✅ EXISTS: Security Guide
Checking: API Documentation
✅ EXISTS: API Documentation
Checking: Operations Runbook
✅ EXISTS: Operations Runbook
Checking: Troubleshooting Guide
✅ EXISTS: Troubleshooting Guide
Checking: License
❌ MISSING: License
