[0;34m[2025-08-16 10:14:56][0m Starting threat intelligence update process...
[0;34m[2025-08-16 10:14:56][0m Setting up threat intelligence directories...
[0;32m[2025-08-16 10:14:56 SUCCESS][0m Directories created successfully
[0;34m[2025-08-16 10:14:56][0m Updating threat intelligence feeds...
[0;34m[2025-08-16 10:14:56][0m Downloading malware domain blocklist...
[0;32m[2025-08-16 10:14:57 SUCCESS][0m Malware domains updated
[0;34m[2025-08-16 10:14:57][0m Downloading URLhaus malware URLs...
[0;32m[2025-08-16 10:14:57 SUCCESS][0m URLhaus URLs updated
[0;34m[2025-08-16 10:14:57][0m Downloading Emerging Threats rules...
[0;32m[2025-08-16 10:14:57 SUCCESS][0m Emerging Threats rules updated
[0;34m[2025-08-16 10:14:57][0m Checking MISP threat intelligence...
[1;33m[2025-08-16 10:14:57 WARNING][0m MISP API credentials not configured
[0;34m[2025-08-16 10:14:57][0m Generating threat feed statistics...
[0;32m[2025-08-16 10:14:57 SUCCESS][0m Feed statistics generated: /Users/lsendel/IdeaProjects/rust-security/config/threat-intelligence/feed_statistics.json
[0;34m[2025-08-16 10:14:57][0m Updating security rules based on threat intelligence...
[0;34m[2025-08-16 10:14:57][0m Generating IP blocklist...
[0;32m[2025-08-16 10:14:57 SUCCESS][0m IP blocklist updated with        0 entries
[0;34m[2025-08-16 10:14:57][0m Generating domain blocklist...
[0;32m[2025-08-16 10:14:57 SUCCESS][0m Domain blocklist updated with        9 entries
[0;34m[2025-08-16 10:14:57][0m Updating rate limiting rules...
[0;32m[2025-08-16 10:14:57 SUCCESS][0m Rate limiting rules updated
[0;34m[2025-08-16 10:14:57][0m Updating WAF rules...
[0;32m[2025-08-16 10:14:57 SUCCESS][0m WAF rules updated
[0;32m[2025-08-16 10:14:57 SUCCESS][0m Security rules updated
[0;34m[2025-08-16 10:14:57][0m Updating application configuration...
[0;32m[2025-08-16 10:14:57 SUCCESS][0m Application configuration updated
[0;34m[2025-08-16 10:14:57][0m Performing threat intelligence system health check...
[0;32m[2025-08-16 10:14:57 SUCCESS][0m Health check passed
[0;32m[2025-08-16 10:14:57 SUCCESS][0m Threat intelligence update completed successfully
[0;34m[2025-08-16 10:14:57][0m Sending threat intelligence update notifications...
[0;32m[2025-08-16 10:14:57 SUCCESS][0m Notifications sent
[0;34m[2025-08-16 10:14:57][0m Cleaning up old threat intelligence files...
[0;32m[2025-08-16 10:14:57 SUCCESS][0m Cleanup completed
[0;34m[2025-08-16 10:14:57][0m Threat intelligence update process finished
